<?xml version="1.0" encoding="UTF-8" standalone="no"?>
<!DOCTYPE log SYSTEM "logger.dtd">
<log>
<record>
  <date>2012-10-19T15:22:50</date>
  <millis>1350652970971</millis>
  <sequence>0</sequence>
  <logger>org.jdesktop.application.LocalStorage</logger>
  <level>WARNING</level>
  <class>org.jdesktop.application.LocalStorage</class>
  <method>getId</method>
  <thread>15</thread>
  <message>unspecified resource Application.id using MainApp</message>
</record>
<record>
  <date>2012-10-19T15:22:50</date>
  <millis>1350652970999</millis>
  <sequence>1</sequence>
  <logger>org.jdesktop.application.LocalStorage</logger>
  <level>WARNING</level>
  <class>org.jdesktop.application.LocalStorage</class>
  <method>getId</method>
  <thread>15</thread>
  <message>unspecified resource Application.vendorId using UnknownApplicationVendor</message>
</record>
</log>
